Determining if the pthread_create exist failed with the following output:
Change Dir: /root/raptor/incubator-brpc/example/echo_c++/myrpc/bld/CMakeFiles/CMakeTmp

Run Build Command:"/usr/bin/gmake" "cmTC_0d8ca/fast"
/usr/bin/gmake -f CMakeFiles/cmTC_0d8ca.dir/build.make CMakeFiles/cmTC_0d8ca.dir/build
gmake[1]: 进入目录“/root/raptor/incubator-brpc/example/echo_c++/myrpc/bld/CMakeFiles/CMakeTmp”
Building C object CMakeFiles/cmTC_0d8ca.dir/CheckSymbolExists.c.o
/usr/bin/cc    -o CMakeFiles/cmTC_0d8ca.dir/CheckSymbolExists.c.o   -c /root/raptor/incubator-brpc/example/echo_c++/myrpc/bld/CMakeFiles/CMakeTmp/CheckSymbolExists.c
Linking C executable cmTC_0d8ca
/usr/local/bin/cmake -E cmake_link_script CMakeFiles/cmTC_0d8ca.dir/link.txt --verbose=1
/usr/bin/cc      -rdynamic CMakeFiles/cmTC_0d8ca.dir/CheckSymbolExists.c.o  -o cmTC_0d8ca 
CMakeFiles/cmTC_0d8ca.dir/CheckSymbolExists.c.o：在函数‘main’中：
CheckSymbolExists.c:(.text+0x16)：对‘pthread_create’未定义的引用
collect2: 错误：ld 返回 1
gmake[1]: *** [cmTC_0d8ca] 错误 1
gmake[1]: 离开目录“/root/raptor/incubator-brpc/example/echo_c++/myrpc/bld/CMakeFiles/CMakeTmp”
gmake: *** [cmTC_0d8ca/fast] 错误 2

File /root/raptor/incubator-brpc/example/echo_c++/myrpc/bld/CMakeFiles/CMakeTmp/CheckSymbolExists.c:
/* */
#include <pthread.h>

int main(int argc, char** argv)
{
  (void)argv;
#ifndef pthread_create
  return ((int*)(&pthread_create))[argc];
#else
  (void)argc;
  return 0;
#endif
}

Determining if the function pthread_create exists in the pthreads failed with the following output:
Change Dir: /root/raptor/incubator-brpc/example/echo_c++/myrpc/bld/CMakeFiles/CMakeTmp

Run Build Command:"/usr/bin/gmake" "cmTC_4b4c3/fast"
/usr/bin/gmake -f CMakeFiles/cmTC_4b4c3.dir/build.make CMakeFiles/cmTC_4b4c3.dir/build
gmake[1]: 进入目录“/root/raptor/incubator-brpc/example/echo_c++/myrpc/bld/CMakeFiles/CMakeTmp”
Building C object CMakeFiles/cmTC_4b4c3.dir/CheckFunctionExists.c.o
/usr/bin/cc   -DCHECK_FUNCTION_EXISTS=pthread_create   -o CMakeFiles/cmTC_4b4c3.dir/CheckFunctionExists.c.o   -c /usr/local/share/cmake-3.12/Modules/CheckFunctionExists.c
Linking C executable cmTC_4b4c3
/usr/local/bin/cmake -E cmake_link_script CMakeFiles/cmTC_4b4c3.dir/link.txt --verbose=1
/usr/bin/cc  -DCHECK_FUNCTION_EXISTS=pthread_create    -rdynamic CMakeFiles/cmTC_4b4c3.dir/CheckFunctionExists.c.o  -o cmTC_4b4c3 -lpthreads 
/usr/bin/ld: 找不到 -lpthreads
collect2: 错误：ld 返回 1
gmake[1]: *** [cmTC_4b4c3] 错误 1
gmake[1]: 离开目录“/root/raptor/incubator-brpc/example/echo_c++/myrpc/bld/CMakeFiles/CMakeTmp”
gmake: *** [cmTC_4b4c3/fast] 错误 2


